<?xml version="1.0" encoding="UTF-8"?>
<!-- Generated by org.testng.reporters.JUnitXMLReporter -->
<testsuite ignored="0" hostname="intel-PC" failures="1" tests="4" name="ReportGeneration" time="36.27" errors="0" timestamp="2021-05-25T16:15:45 IST">
  <testcase classname="Common.ReportTest" name="reporterTest1" time="35.255">
    <failure type="java.lang.AssertionError" message="expected [true] but found [false]">
      <![CDATA[java.lang.AssertionError: expected [true] but found [false]
at Common.ReportTest.reporterTest1(ReportTest.java:13)
at java.base/java.util.ArrayList.forEach(ArrayList.java:1511)
... Removed 31 stack frames]]>
    </failure>
  </testcase> <!-- reporterTest1 -->
  <testcase classname="Common.ReportTest" name="reporterTest2" time="0.003"/>
  <testcase classname="Common.ReportTest" name="reporterTest3" time="0.004"/>
  <testcase classname="Common.ReportTest" name="reporterTest4" time="0.004"/>
</testsuite> <!-- ReportGeneration -->
