<?xml version="1.0" encoding="UTF-8"?>
<testng-results ignored="0" total="1" passed="1" failed="0" skipped="0">
  <reporter-output>
  </reporter-output>
  <suite started-at="2021-06-03T15:45:45 IST" name="Default suite" finished-at="2021-06-03T15:47:14 IST" duration-ms="88631">
    <groups>
    </groups>
    <test started-at="2021-06-03T15:45:45 IST" name="Default test" finished-at="2021-06-03T15:47:14 IST" duration-ms="88631">
      <class name="TestCases.TC_AccountPage_003">
        <test-method is-config="true" signature="setUp()[pri:0, instance:TestCases.TC_AccountPage_003@1a942c18]" started-at="2021-06-03T15:45:45 IST" name="setUp" finished-at="2021-06-03T15:45:55 IST" duration-ms="10091" status="PASS">
          <reporter-output>
          </reporter-output>
        </test-method> <!-- setUp -->
        <test-method signature="AccountPgTest()[pri:0, instance:TestCases.TC_AccountPage_003@1a942c18]" started-at="2021-06-03T15:45:55 IST" name="AccountPgTest" finished-at="2021-06-03T15:47:14 IST" duration-ms="78451" status="PASS">
          <reporter-output>
          </reporter-output>
        </test-method> <!-- AccountPgTest -->
      </class> <!-- TestCases.TC_AccountPage_003 -->
    </test> <!-- Default test -->
  </suite> <!-- Default suite -->
</testng-results>
