<?xml version="1.0" encoding="UTF-8"?>
<!-- Generated by org.testng.reporters.JUnitXMLReporter -->
<testsuite ignored="0" hostname="intel-PC" failures="0" tests="1" name="Functional Testing" time="0.199" errors="0" timestamp="2021-05-27T20:36:59 IST">
  <testcase classname="com.iNetBanking.Base.BaseClass" name="@BeforeClass setUp" time="0.026">
    <failure type="java.lang.NullPointerException" message="Cannot invoke &amp;quot;org.openqa.selenium.WebDriver.manage()&amp;quot; because &amp;quot;com.iNetBanking.Base.BaseClass.driver&amp;quot; is null">
      <![CDATA[java.lang.NullPointerException: Cannot invoke "org.openqa.selenium.WebDriver.manage()" because "com.iNetBanking.Base.BaseClass.driver" is null
at com.iNetBanking.Base.BaseClass.setUp(BaseClass.java:33)
at java.base/java.util.ArrayList.forEach(ArrayList.java:1511)
... Removed 25 stack frames]]>
    </failure>
  </testcase> <!-- @BeforeClass setUp -->
  <testcase classname="com.iNetBanking.Base.BaseClass" name="@AfterClass tearDown" time="-1.622128019487E9">
    <skipped/>
  </testcase> <!-- @AfterClass tearDown -->
  <testcase classname="com.iNetBanking.TestCases.TC_LoginTest_001" name="loginTest" time="0.0">
    <skipped/>
  </testcase> <!-- loginTest -->
</testsuite> <!-- Functional Testing -->
