<?xml version="1.0" encoding="UTF-8"?>
<!-- Generated by org.testng.reporters.JUnitXMLReporter -->
<testsuite ignored="0" hostname="intel-PC" failures="1" tests="4" name="DataFacory1" time="0.18" errors="0" timestamp="2021-05-24T22:56:13 IST">
  <testcase classname="ui.GroupTestCases" name="aTest1" time="0.013"/>
  <testcase classname="ui.GroupTestCases" name="aTest2" time="0.013">
    <failure type="java.lang.AssertionError" message="expected [true] but found [false]">
      <![CDATA[java.lang.AssertionError: expected [true] but found [false]
at ui.GroupTestCases.aTest2(GroupTestCases.java:31)
at java.base/java.util.ArrayList.forEach(ArrayList.java:1511)
... Removed 31 stack frames]]>
    </failure>
  </testcase> <!-- aTest2 -->
  <testcase classname="ui.GroupTestCases" name="aTest3" time="0.022"/>
  <testcase classname="ui.GroupTestCases" name="aTest4" time="0.003"/>
</testsuite> <!-- DataFacory1 -->
