<?xml version="1.0" encoding="UTF-8"?>
<!-- Generated by org.testng.reporters.JUnitXMLReporter -->
<testsuite ignored="3" hostname="intel-PC" failures="0" tests="0" time="0.026" errors="0" timestamp="2021-05-24T15:05:26 IST">
  <testcase classname="ui.LoginTest" name="aTest2" time="0.0">
    <ignored/>
  </testcase> <!-- aTest2 -->
  <testcase classname="ui.LoginTest" name="aTest1" time="0.0">
    <ignored/>
  </testcase> <!-- aTest1 -->
  <testcase classname="ui.AssertDemo" name="testTitle" time="0.0">
    <ignored/>
  </testcase> <!-- testTitle -->
</testsuite>
