<?xml version="1.0" encoding="UTF-8"?>
<!-- Generated by org.testng.reporters.JUnitXMLReporter -->
<testsuite ignored="0" hostname="intel-PC" failures="0" tests="4" name="Test" time="0.137" errors="0" timestamp="2021-05-24T16:55:04 IST">
  <testcase classname="ui.GroupTestCases" name="aTest1" time="0.018"/>
  <testcase classname="ui.GroupTestCases" name="aTest2" time="0.005"/>
  <testcase classname="ui.GroupTestCases" name="aTest3" time="0.003"/>
  <testcase classname="ui.GroupTestCases" name="aTest4" time="0.004"/>
</testsuite> <!-- Test -->
