<?xml version="1.0" encoding="UTF-8"?>
<testng-results ignored="0" total="1" passed="1" failed="0" skipped="0">
  <reporter-output>
  </reporter-output>
  <suite started-at="2021-05-29T17:22:47 IST" name="UI Test1" finished-at="2021-05-29T17:23:14 IST" duration-ms="27014">
    <groups>
    </groups>
    <test started-at="2021-05-29T17:22:47 IST" name="Functional Testing1" finished-at="2021-05-29T17:23:14 IST" duration-ms="27014">
      <class name="com.iNetBanking.TestCases.TC_HomePageTest_03">
        <test-method is-config="true" signature="setUp(java.lang.String)[pri:0, instance:com.iNetBanking.TestCases.TC_HomePageTest_03@7526515b]" started-at="2021-05-29T17:22:48 IST" name="setUp" finished-at="2021-05-29T17:23:04 IST" duration-ms="16533" status="PASS">
          <params>
            <param index="0">
              <value>
                <![CDATA[chrome]]>
              </value>
            </param>
          </params>
          <reporter-output>
          </reporter-output>
        </test-method> <!-- setUp -->
        <test-method signature="homePageTest()[pri:0, instance:com.iNetBanking.TestCases.TC_HomePageTest_03@7526515b]" started-at="2021-05-29T17:23:04 IST" name="homePageTest" finished-at="2021-05-29T17:23:13 IST" duration-ms="8714" status="PASS">
          <reporter-output>
          </reporter-output>
        </test-method> <!-- homePageTest -->
        <test-method is-config="true" signature="tearDown()[pri:0, instance:com.iNetBanking.TestCases.TC_HomePageTest_03@7526515b]" started-at="2021-05-29T17:23:13 IST" name="tearDown" finished-at="2021-05-29T17:23:14 IST" duration-ms="1019" status="PASS">
          <reporter-output>
          </reporter-output>
        </test-method> <!-- tearDown -->
      </class> <!-- com.iNetBanking.TestCases.TC_HomePageTest_03 -->
    </test> <!-- Functional Testing1 -->
  </suite> <!-- UI Test1 -->
</testng-results>
