<?xml version="1.0" encoding="UTF-8"?>
<!-- Generated by org.testng.reporters.JUnitXMLReporter -->
<testsuite ignored="1" hostname="intel-PC" failures="0" tests="3" name="GRP-regression" time="0.156" errors="0" timestamp="2021-05-24T16:28:46 IST">
  <testcase classname="ui.GroupTestCases" name="aTest1" time="0.016"/>
  <testcase classname="ui.GroupTestCases" name="aTest3" time="0.005"/>
  <testcase classname="ui.GroupTestCases" name="aTest4" time="0.005"/>
  <testcase classname="ui.GroupTestCases" name="aTest2" time="0.0">
    <ignored/>
  </testcase> <!-- aTest2 -->
</testsuite> <!-- GRP-regression -->
