<?xml version="1.0" encoding="UTF-8"?>
<!-- Generated by org.testng.reporters.JUnitXMLReporter -->
<testsuite ignored="1" hostname="intel-PC" failures="0" tests="3" name="Test" time="0.125" errors="0" timestamp="2021-05-24T15:06:31 IST">
  <testcase classname="ui.GroupTestCases" name="aTest1" time="0.023"/>
  <testcase classname="ui.GroupTestCases" name="aTest3" time="0.004"/>
  <testcase classname="ui.GroupTestCases" name="aTest4" time="0.003"/>
  <testcase classname="ui.GroupTestCases" name="aTest2" time="0.0">
    <ignored/>
  </testcase> <!-- aTest2 -->
</testsuite> <!-- Test -->
