<?xml version="1.0" encoding="UTF-8"?>
<!-- Generated by org.testng.reporters.JUnitXMLReporter -->
<testsuite ignored="0" hostname="intel-PC" failures="1" tests="1" name="ScreenShot Listener" time="17.614" errors="0" timestamp="2021-05-25T10:23:34 IST">
  <testcase classname="ui.DemoListener" name="launchApp" time="4.634">
    <failure type="java.lang.AssertionError" message="expected [true] but found [false]">
      <![CDATA[java.lang.AssertionError: expected [true] but found [false]
at ui.DemoListener.launchApp(DemoListener.java:13)
at java.base/java.util.ArrayList.forEach(ArrayList.java:1511)
... Removed 31 stack frames]]>
    </failure>
  </testcase> <!-- launchApp -->
</testsuite> <!-- ScreenShot Listener -->
